2019-07-19T10:05:26+00:00 CRITICAL syntax error, unexpected 'echo' (T_ECHO) in /var/www/html/woofy/wp-content/themes/kmtheme/template-parts/header/site-branding.php on line 52

2019-07-19T10:05:30+00:00 CRITICAL syntax error, unexpected 'echo' (T_ECHO) in /var/www/html/woofy/wp-content/themes/kmtheme/template-parts/header/site-branding.php on line 52

2019-07-19T10:14:59+00:00 CRITICAL syntax error, unexpected '.' in /var/www/html/woofy/wp-content/themes/kmtheme/template-parts/header/site-branding.php on line 52

2019-07-19T11:02:33+00:00 CRITICAL Uncaught Error: Call to a member function get_results() on null in /var/www/html/woofy/wp-content/plugins/km-services/class.kmlist.php:198
Stack trace:
#0 /var/www/html/woofy/wp-includes/shortcodes.php(325): kmlist->km_view_profile('', '', 'view_profile')
#1 [internal function]: do_shortcode_tag(Array)
#2 /var/www/html/woofy/wp-includes/shortcodes.php(199): preg_replace_callback('/\\[(\\[?)(view_p...', 'do_shortcode_ta...', '[view_profile]\n')
#3 /var/www/html/woofy/wp-includes/class-wp-hook.php(286): do_shortcode('[view_profile]\n')
#4 /var/www/html/woofy/wp-includes/plugin.php(208): WP_Hook->apply_filters('[view_profile]\n', Array)
#5 /var/www/html/woofy/wp-includes/post-template.php(247): apply_filters('the_content', '[view_profile]')
#6 /var/www/html/woofy/wp-content/themes/kmtheme/template-parts/page/content-page.php(22): the_content()
#7 /var/www/html/woofy/wp-includes/template.php(724): require('/var/www/html/w...')
#8 /var/www/html/woofy/wp-includes/template.php(671): load_template('/var/www/html/w... in /var/www/html/woofy/wp-content/plugins/km-services/class.kmlist.php on line 198

2019-07-19T11:02:46+00:00 CRITICAL Uncaught Error: Call to a member function get_results() on null in /var/www/html/woofy/wp-content/plugins/km-services/class.kmlist.php:198
Stack trace:
#0 /var/www/html/woofy/wp-includes/shortcodes.php(325): kmlist->km_view_profile('', '', 'view_profile')
#1 [internal function]: do_shortcode_tag(Array)
#2 /var/www/html/woofy/wp-includes/shortcodes.php(199): preg_replace_callback('/\\[(\\[?)(view_p...', 'do_shortcode_ta...', '[view_profile]\n')
#3 /var/www/html/woofy/wp-includes/class-wp-hook.php(286): do_shortcode('[view_profile]\n')
#4 /var/www/html/woofy/wp-includes/plugin.php(208): WP_Hook->apply_filters('[view_profile]\n', Array)
#5 /var/www/html/woofy/wp-includes/post-template.php(247): apply_filters('the_content', '[view_profile]')
#6 /var/www/html/woofy/wp-content/themes/kmtheme/template-parts/page/content-page.php(22): the_content()
#7 /var/www/html/woofy/wp-includes/template.php(724): require('/var/www/html/w...')
#8 /var/www/html/woofy/wp-includes/template.php(671): load_template('/var/www/html/w... in /var/www/html/woofy/wp-content/plugins/km-services/class.kmlist.php on line 198

2019-07-19T11:02:56+00:00 CRITICAL Uncaught Error: Call to a member function get_results() on null in /var/www/html/woofy/wp-content/plugins/km-services/class.kmlist.php:198
Stack trace:
#0 /var/www/html/woofy/wp-includes/shortcodes.php(325): kmlist->km_view_profile('', '', 'view_profile')
#1 [internal function]: do_shortcode_tag(Array)
#2 /var/www/html/woofy/wp-includes/shortcodes.php(199): preg_replace_callback('/\\[(\\[?)(view_p...', 'do_shortcode_ta...', '[view_profile]\n')
#3 /var/www/html/woofy/wp-includes/class-wp-hook.php(286): do_shortcode('[view_profile]\n')
#4 /var/www/html/woofy/wp-includes/plugin.php(208): WP_Hook->apply_filters('[view_profile]\n', Array)
#5 /var/www/html/woofy/wp-includes/post-template.php(247): apply_filters('the_content', '[view_profile]')
#6 /var/www/html/woofy/wp-content/themes/kmtheme/template-parts/page/content-page.php(22): the_content()
#7 /var/www/html/woofy/wp-includes/template.php(724): require('/var/www/html/w...')
#8 /var/www/html/woofy/wp-includes/template.php(671): load_template('/var/www/html/w... in /var/www/html/woofy/wp-content/plugins/km-services/class.kmlist.php on line 198

2019-07-19T11:02:58+00:00 CRITICAL Uncaught Error: Call to a member function get_results() on null in /var/www/html/woofy/wp-content/plugins/km-services/class.kmlist.php:198
Stack trace:
#0 /var/www/html/woofy/wp-includes/shortcodes.php(325): kmlist->km_view_profile('', '', 'view_profile')
#1 [internal function]: do_shortcode_tag(Array)
#2 /var/www/html/woofy/wp-includes/shortcodes.php(199): preg_replace_callback('/\\[(\\[?)(view_p...', 'do_shortcode_ta...', '[view_profile]\n')
#3 /var/www/html/woofy/wp-includes/class-wp-hook.php(286): do_shortcode('[view_profile]\n')
#4 /var/www/html/woofy/wp-includes/plugin.php(208): WP_Hook->apply_filters('[view_profile]\n', Array)
#5 /var/www/html/woofy/wp-includes/post-template.php(247): apply_filters('the_content', '[view_profile]')
#6 /var/www/html/woofy/wp-content/themes/kmtheme/template-parts/page/content-page.php(22): the_content()
#7 /var/www/html/woofy/wp-includes/template.php(724): require('/var/www/html/w...')
#8 /var/www/html/woofy/wp-includes/template.php(671): load_template('/var/www/html/w... in /var/www/html/woofy/wp-content/plugins/km-services/class.kmlist.php on line 198

2019-07-19T11:02:58+00:00 CRITICAL Uncaught Error: Call to a member function get_results() on null in /var/www/html/woofy/wp-content/plugins/km-services/class.kmlist.php:198
Stack trace:
#0 /var/www/html/woofy/wp-includes/shortcodes.php(325): kmlist->km_view_profile('', '', 'view_profile')
#1 [internal function]: do_shortcode_tag(Array)
#2 /var/www/html/woofy/wp-includes/shortcodes.php(199): preg_replace_callback('/\\[(\\[?)(view_p...', 'do_shortcode_ta...', '[view_profile]\n')
#3 /var/www/html/woofy/wp-includes/class-wp-hook.php(286): do_shortcode('[view_profile]\n')
#4 /var/www/html/woofy/wp-includes/plugin.php(208): WP_Hook->apply_filters('[view_profile]\n', Array)
#5 /var/www/html/woofy/wp-includes/post-template.php(247): apply_filters('the_content', '[view_profile]')
#6 /var/www/html/woofy/wp-content/themes/kmtheme/template-parts/page/content-page.php(22): the_content()
#7 /var/www/html/woofy/wp-includes/template.php(724): require('/var/www/html/w...')
#8 /var/www/html/woofy/wp-includes/template.php(671): load_template('/var/www/html/w... in /var/www/html/woofy/wp-content/plugins/km-services/class.kmlist.php on line 198

2019-07-19T11:02:59+00:00 CRITICAL Uncaught Error: Call to a member function get_results() on null in /var/www/html/woofy/wp-content/plugins/km-services/class.kmlist.php:198
Stack trace:
#0 /var/www/html/woofy/wp-includes/shortcodes.php(325): kmlist->km_view_profile('', '', 'view_profile')
#1 [internal function]: do_shortcode_tag(Array)
#2 /var/www/html/woofy/wp-includes/shortcodes.php(199): preg_replace_callback('/\\[(\\[?)(view_p...', 'do_shortcode_ta...', '[view_profile]\n')
#3 /var/www/html/woofy/wp-includes/class-wp-hook.php(286): do_shortcode('[view_profile]\n')
#4 /var/www/html/woofy/wp-includes/plugin.php(208): WP_Hook->apply_filters('[view_profile]\n', Array)
#5 /var/www/html/woofy/wp-includes/post-template.php(247): apply_filters('the_content', '[view_profile]')
#6 /var/www/html/woofy/wp-content/themes/kmtheme/template-parts/page/content-page.php(22): the_content()
#7 /var/www/html/woofy/wp-includes/template.php(724): require('/var/www/html/w...')
#8 /var/www/html/woofy/wp-includes/template.php(671): load_template('/var/www/html/w... in /var/www/html/woofy/wp-content/plugins/km-services/class.kmlist.php on line 198

2019-07-19T11:02:59+00:00 CRITICAL Uncaught Error: Call to a member function get_results() on null in /var/www/html/woofy/wp-content/plugins/km-services/class.kmlist.php:198
Stack trace:
#0 /var/www/html/woofy/wp-includes/shortcodes.php(325): kmlist->km_view_profile('', '', 'view_profile')
#1 [internal function]: do_shortcode_tag(Array)
#2 /var/www/html/woofy/wp-includes/shortcodes.php(199): preg_replace_callback('/\\[(\\[?)(view_p...', 'do_shortcode_ta...', '[view_profile]\n')
#3 /var/www/html/woofy/wp-includes/class-wp-hook.php(286): do_shortcode('[view_profile]\n')
#4 /var/www/html/woofy/wp-includes/plugin.php(208): WP_Hook->apply_filters('[view_profile]\n', Array)
#5 /var/www/html/woofy/wp-includes/post-template.php(247): apply_filters('the_content', '[view_profile]')
#6 /var/www/html/woofy/wp-content/themes/kmtheme/template-parts/page/content-page.php(22): the_content()
#7 /var/www/html/woofy/wp-includes/template.php(724): require('/var/www/html/w...')
#8 /var/www/html/woofy/wp-includes/template.php(671): load_template('/var/www/html/w... in /var/www/html/woofy/wp-content/plugins/km-services/class.kmlist.php on line 198

2019-07-19T11:03:00+00:00 CRITICAL Uncaught Error: Call to a member function get_results() on null in /var/www/html/woofy/wp-content/plugins/km-services/class.kmlist.php:198
Stack trace:
#0 /var/www/html/woofy/wp-includes/shortcodes.php(325): kmlist->km_view_profile('', '', 'view_profile')
#1 [internal function]: do_shortcode_tag(Array)
#2 /var/www/html/woofy/wp-includes/shortcodes.php(199): preg_replace_callback('/\\[(\\[?)(view_p...', 'do_shortcode_ta...', '[view_profile]\n')
#3 /var/www/html/woofy/wp-includes/class-wp-hook.php(286): do_shortcode('[view_profile]\n')
#4 /var/www/html/woofy/wp-includes/plugin.php(208): WP_Hook->apply_filters('[view_profile]\n', Array)
#5 /var/www/html/woofy/wp-includes/post-template.php(247): apply_filters('the_content', '[view_profile]')
#6 /var/www/html/woofy/wp-content/themes/kmtheme/template-parts/page/content-page.php(22): the_content()
#7 /var/www/html/woofy/wp-includes/template.php(724): require('/var/www/html/w...')
#8 /var/www/html/woofy/wp-includes/template.php(671): load_template('/var/www/html/w... in /var/www/html/woofy/wp-content/plugins/km-services/class.kmlist.php on line 198

2019-07-19T11:03:33+00:00 CRITICAL Uncaught Error: Call to a member function get_results() on null in /var/www/html/woofy/wp-content/plugins/km-services/class.kmlist.php:198
Stack trace:
#0 /var/www/html/woofy/wp-includes/shortcodes.php(325): kmlist->km_view_profile('', '', 'view_profile')
#1 [internal function]: do_shortcode_tag(Array)
#2 /var/www/html/woofy/wp-includes/shortcodes.php(199): preg_replace_callback('/\\[(\\[?)(view_p...', 'do_shortcode_ta...', '[view_profile]\n')
#3 /var/www/html/woofy/wp-includes/class-wp-hook.php(286): do_shortcode('[view_profile]\n')
#4 /var/www/html/woofy/wp-includes/plugin.php(208): WP_Hook->apply_filters('[view_profile]\n', Array)
#5 /var/www/html/woofy/wp-includes/post-template.php(247): apply_filters('the_content', '[view_profile]')
#6 /var/www/html/woofy/wp-content/themes/kmtheme/template-parts/page/content-page.php(22): the_content()
#7 /var/www/html/woofy/wp-includes/template.php(724): require('/var/www/html/w...')
#8 /var/www/html/woofy/wp-includes/template.php(671): load_template('/var/www/html/w... in /var/www/html/woofy/wp-content/plugins/km-services/class.kmlist.php on line 198

2019-07-19T11:03:34+00:00 CRITICAL Uncaught Error: Call to a member function get_results() on null in /var/www/html/woofy/wp-content/plugins/km-services/class.kmlist.php:198
Stack trace:
#0 /var/www/html/woofy/wp-includes/shortcodes.php(325): kmlist->km_view_profile('', '', 'view_profile')
#1 [internal function]: do_shortcode_tag(Array)
#2 /var/www/html/woofy/wp-includes/shortcodes.php(199): preg_replace_callback('/\\[(\\[?)(view_p...', 'do_shortcode_ta...', '[view_profile]\n')
#3 /var/www/html/woofy/wp-includes/class-wp-hook.php(286): do_shortcode('[view_profile]\n')
#4 /var/www/html/woofy/wp-includes/plugin.php(208): WP_Hook->apply_filters('[view_profile]\n', Array)
#5 /var/www/html/woofy/wp-includes/post-template.php(247): apply_filters('the_content', '[view_profile]')
#6 /var/www/html/woofy/wp-content/themes/kmtheme/template-parts/page/content-page.php(22): the_content()
#7 /var/www/html/woofy/wp-includes/template.php(724): require('/var/www/html/w...')
#8 /var/www/html/woofy/wp-includes/template.php(671): load_template('/var/www/html/w... in /var/www/html/woofy/wp-content/plugins/km-services/class.kmlist.php on line 198

2019-07-19T11:03:35+00:00 CRITICAL Uncaught Error: Call to a member function get_results() on null in /var/www/html/woofy/wp-content/plugins/km-services/class.kmlist.php:198
Stack trace:
#0 /var/www/html/woofy/wp-includes/shortcodes.php(325): kmlist->km_view_profile('', '', 'view_profile')
#1 [internal function]: do_shortcode_tag(Array)
#2 /var/www/html/woofy/wp-includes/shortcodes.php(199): preg_replace_callback('/\\[(\\[?)(view_p...', 'do_shortcode_ta...', '[view_profile]\n')
#3 /var/www/html/woofy/wp-includes/class-wp-hook.php(286): do_shortcode('[view_profile]\n')
#4 /var/www/html/woofy/wp-includes/plugin.php(208): WP_Hook->apply_filters('[view_profile]\n', Array)
#5 /var/www/html/woofy/wp-includes/post-template.php(247): apply_filters('the_content', '[view_profile]')
#6 /var/www/html/woofy/wp-content/themes/kmtheme/template-parts/page/content-page.php(22): the_content()
#7 /var/www/html/woofy/wp-includes/template.php(724): require('/var/www/html/w...')
#8 /var/www/html/woofy/wp-includes/template.php(671): load_template('/var/www/html/w... in /var/www/html/woofy/wp-content/plugins/km-services/class.kmlist.php on line 198

2019-07-19T11:03:59+00:00 CRITICAL Uncaught Error: Call to a member function get_results() on null in /var/www/html/woofy/wp-content/plugins/km-services/class.kmlist.php:198
Stack trace:
#0 /var/www/html/woofy/wp-includes/shortcodes.php(325): kmlist->km_view_profile('', '', 'view_profile')
#1 [internal function]: do_shortcode_tag(Array)
#2 /var/www/html/woofy/wp-includes/shortcodes.php(199): preg_replace_callback('/\\[(\\[?)(view_p...', 'do_shortcode_ta...', '[view_profile]\n')
#3 /var/www/html/woofy/wp-includes/class-wp-hook.php(286): do_shortcode('[view_profile]\n')
#4 /var/www/html/woofy/wp-includes/plugin.php(208): WP_Hook->apply_filters('[view_profile]\n', Array)
#5 /var/www/html/woofy/wp-includes/post-template.php(247): apply_filters('the_content', '[view_profile]')
#6 /var/www/html/woofy/wp-content/themes/kmtheme/template-parts/page/content-page.php(22): the_content()
#7 /var/www/html/woofy/wp-includes/template.php(724): require('/var/www/html/w...')
#8 /var/www/html/woofy/wp-includes/template.php(671): load_template('/var/www/html/w... in /var/www/html/woofy/wp-content/plugins/km-services/class.kmlist.php on line 198

2019-07-19T11:04:13+00:00 CRITICAL Uncaught Error: Call to a member function get_results() on null in /var/www/html/woofy/wp-content/plugins/km-services/class.kmlist.php:199
Stack trace:
#0 /var/www/html/woofy/wp-includes/shortcodes.php(325): kmlist->km_view_profile('', '', 'view_profile')
#1 [internal function]: do_shortcode_tag(Array)
#2 /var/www/html/woofy/wp-includes/shortcodes.php(199): preg_replace_callback('/\\[(\\[?)(view_p...', 'do_shortcode_ta...', '[view_profile]\n')
#3 /var/www/html/woofy/wp-includes/class-wp-hook.php(286): do_shortcode('[view_profile]\n')
#4 /var/www/html/woofy/wp-includes/plugin.php(208): WP_Hook->apply_filters('[view_profile]\n', Array)
#5 /var/www/html/woofy/wp-includes/post-template.php(247): apply_filters('the_content', '[view_profile]')
#6 /var/www/html/woofy/wp-content/themes/kmtheme/template-parts/page/content-page.php(22): the_content()
#7 /var/www/html/woofy/wp-includes/template.php(724): require('/var/www/html/w...')
#8 /var/www/html/woofy/wp-includes/template.php(671): load_template('/var/www/html/w... in /var/www/html/woofy/wp-content/plugins/km-services/class.kmlist.php on line 199

2019-07-19T11:05:16+00:00 CRITICAL Uncaught Error: Call to a member function get_results() on null in /var/www/html/woofy/wp-content/plugins/km-services/class.kmlist.php:199
Stack trace:
#0 /var/www/html/woofy/wp-includes/shortcodes.php(325): kmlist->km_view_profile('', '', 'view_profile')
#1 [internal function]: do_shortcode_tag(Array)
#2 /var/www/html/woofy/wp-includes/shortcodes.php(199): preg_replace_callback('/\\[(\\[?)(view_p...', 'do_shortcode_ta...', '[view_profile]\n')
#3 /var/www/html/woofy/wp-includes/class-wp-hook.php(286): do_shortcode('[view_profile]\n')
#4 /var/www/html/woofy/wp-includes/plugin.php(208): WP_Hook->apply_filters('[view_profile]\n', Array)
#5 /var/www/html/woofy/wp-includes/post-template.php(247): apply_filters('the_content', '[view_profile]')
#6 /var/www/html/woofy/wp-content/themes/kmtheme/template-parts/page/content-page.php(22): the_content()
#7 /var/www/html/woofy/wp-includes/template.php(724): require('/var/www/html/w...')
#8 /var/www/html/woofy/wp-includes/template.php(671): load_template('/var/www/html/w... in /var/www/html/woofy/wp-content/plugins/km-services/class.kmlist.php on line 199

