2019-07-20T04:59:46+00:00 CRITICAL Object of class stdClass could not be converted to string in /var/www/html/woofy/wp-content/plugins/km-services/class.kmlist.php on line 116

2019-07-20T05:00:09+00:00 CRITICAL Object of class stdClass could not be converted to string in /var/www/html/woofy/wp-content/plugins/km-services/class.kmlist.php on line 116

2019-07-20T05:08:10+00:00 CRITICAL Object of class stdClass could not be converted to string in /var/www/html/woofy/wp-content/plugins/km-services/class.kmlist.php on line 118

2019-07-20T05:41:56+00:00 CRITICAL Object of class stdClass could not be converted to string in /var/www/html/woofy/wp-content/plugins/km-services/class.kmlist.php on line 118

2019-07-20T05:44:41+00:00 CRITICAL Object of class stdClass could not be converted to string in /var/www/html/woofy/wp-content/plugins/km-services/class.kmlist.php on line 118

2019-07-20T05:45:26+00:00 CRITICAL Uncaught Error: Call to undefined function import() in /var/www/html/woofy/wp-content/plugins/km-services/class.kmlist.php:113
Stack trace:
#0 /var/www/html/woofy/wp-includes/class-wp-hook.php(286): kmlist->km_post_search_ajax('')
#1 /var/www/html/woofy/wp-includes/class-wp-hook.php(310): WP_Hook->apply_filters('', Array)
#2 /var/www/html/woofy/wp-includes/plugin.php(465): WP_Hook->do_action(Array)
#3 /var/www/html/woofy/wp-admin/admin-ajax.php(173): do_action('wp_ajax_km_post...')
#4 {main}
  thrown in /var/www/html/woofy/wp-content/plugins/km-services/class.kmlist.php on line 113

2019-07-20T05:45:33+00:00 CRITICAL Uncaught Error: Call to undefined function import() in /var/www/html/woofy/wp-content/plugins/km-services/class.kmlist.php:113
Stack trace:
#0 /var/www/html/woofy/wp-includes/class-wp-hook.php(286): kmlist->km_post_search_ajax('')
#1 /var/www/html/woofy/wp-includes/class-wp-hook.php(310): WP_Hook->apply_filters('', Array)
#2 /var/www/html/woofy/wp-includes/plugin.php(465): WP_Hook->do_action(Array)
#3 /var/www/html/woofy/wp-admin/admin-ajax.php(173): do_action('wp_ajax_km_post...')
#4 {main}
  thrown in /var/www/html/woofy/wp-content/plugins/km-services/class.kmlist.php on line 113

2019-07-20T05:45:57+00:00 CRITICAL Uncaught Error: Call to undefined function import() in /var/www/html/woofy/wp-content/plugins/km-services/class.kmlist.php:113
Stack trace:
#0 /var/www/html/woofy/wp-includes/class-wp-hook.php(286): kmlist->km_post_search_ajax('')
#1 /var/www/html/woofy/wp-includes/class-wp-hook.php(310): WP_Hook->apply_filters('', Array)
#2 /var/www/html/woofy/wp-includes/plugin.php(465): WP_Hook->do_action(Array)
#3 /var/www/html/woofy/wp-admin/admin-ajax.php(173): do_action('wp_ajax_km_post...')
#4 {main}
  thrown in /var/www/html/woofy/wp-content/plugins/km-services/class.kmlist.php on line 113

2019-07-20T05:46:15+00:00 CRITICAL Uncaught Error: Call to undefined function import() in /var/www/html/woofy/wp-content/plugins/km-services/class.kmlist.php:114
Stack trace:
#0 /var/www/html/woofy/wp-includes/class-wp-hook.php(286): kmlist->km_post_search_ajax('')
#1 /var/www/html/woofy/wp-includes/class-wp-hook.php(310): WP_Hook->apply_filters('', Array)
#2 /var/www/html/woofy/wp-includes/plugin.php(465): WP_Hook->do_action(Array)
#3 /var/www/html/woofy/wp-admin/admin-ajax.php(173): do_action('wp_ajax_km_post...')
#4 {main}
  thrown in /var/www/html/woofy/wp-content/plugins/km-services/class.kmlist.php on line 114

2019-07-20T05:49:06+00:00 CRITICAL Uncaught Error: Call to undefined function import() in /var/www/html/woofy/wp-content/plugins/km-services/class.kmlist.php:113
Stack trace:
#0 /var/www/html/woofy/wp-includes/class-wp-hook.php(286): kmlist->km_post_search_ajax('')
#1 /var/www/html/woofy/wp-includes/class-wp-hook.php(310): WP_Hook->apply_filters('', Array)
#2 /var/www/html/woofy/wp-includes/plugin.php(465): WP_Hook->do_action(Array)
#3 /var/www/html/woofy/wp-admin/admin-ajax.php(173): do_action('wp_ajax_km_post...')
#4 {main}
  thrown in /var/www/html/woofy/wp-content/plugins/km-services/class.kmlist.php on line 113

2019-07-20T05:49:26+00:00 CRITICAL Uncaught Error: Call to undefined function import() in /var/www/html/woofy/wp-content/plugins/km-services/class.kmlist.php:113
Stack trace:
#0 /var/www/html/woofy/wp-includes/class-wp-hook.php(286): kmlist->km_post_search_ajax('')
#1 /var/www/html/woofy/wp-includes/class-wp-hook.php(310): WP_Hook->apply_filters('', Array)
#2 /var/www/html/woofy/wp-includes/plugin.php(465): WP_Hook->do_action(Array)
#3 /var/www/html/woofy/wp-admin/admin-ajax.php(173): do_action('wp_ajax_km_post...')
#4 {main}
  thrown in /var/www/html/woofy/wp-content/plugins/km-services/class.kmlist.php on line 113

2019-07-20T05:49:36+00:00 CRITICAL Uncaught Error: Call to undefined function import() in /var/www/html/woofy/wp-content/plugins/km-services/class.kmlist.php:113
Stack trace:
#0 /var/www/html/woofy/wp-includes/class-wp-hook.php(286): kmlist->km_post_search_ajax('')
#1 /var/www/html/woofy/wp-includes/class-wp-hook.php(310): WP_Hook->apply_filters('', Array)
#2 /var/www/html/woofy/wp-includes/plugin.php(465): WP_Hook->do_action(Array)
#3 /var/www/html/woofy/wp-admin/admin-ajax.php(173): do_action('wp_ajax_km_post...')
#4 {main}
  thrown in /var/www/html/woofy/wp-content/plugins/km-services/class.kmlist.php on line 113

2019-07-20T05:50:43+00:00 CRITICAL Uncaught Error: Call to undefined function import() in /var/www/html/woofy/wp-content/plugins/km-services/class.kmlist.php:114
Stack trace:
#0 /var/www/html/woofy/wp-includes/class-wp-hook.php(286): kmlist->km_post_search_ajax('')
#1 /var/www/html/woofy/wp-includes/class-wp-hook.php(310): WP_Hook->apply_filters('', Array)
#2 /var/www/html/woofy/wp-includes/plugin.php(465): WP_Hook->do_action(Array)
#3 /var/www/html/woofy/wp-admin/admin-ajax.php(173): do_action('wp_ajax_km_post...')
#4 {main}
  thrown in /var/www/html/woofy/wp-content/plugins/km-services/class.kmlist.php on line 114

2019-07-20T05:50:46+00:00 CRITICAL Uncaught Error: Call to undefined function import() in /var/www/html/woofy/wp-content/plugins/km-services/class.kmlist.php:114
Stack trace:
#0 /var/www/html/woofy/wp-includes/class-wp-hook.php(286): kmlist->km_post_search_ajax('')
#1 /var/www/html/woofy/wp-includes/class-wp-hook.php(310): WP_Hook->apply_filters('', Array)
#2 /var/www/html/woofy/wp-includes/plugin.php(465): WP_Hook->do_action(Array)
#3 /var/www/html/woofy/wp-admin/admin-ajax.php(173): do_action('wp_ajax_km_post...')
#4 {main}
  thrown in /var/www/html/woofy/wp-content/plugins/km-services/class.kmlist.php on line 114

2019-07-20T05:52:15+00:00 CRITICAL Uncaught Error: Call to undefined function import() in /var/www/html/woofy/wp-content/plugins/km-services/class.kmlist.php:114
Stack trace:
#0 /var/www/html/woofy/wp-includes/class-wp-hook.php(286): kmlist->km_post_search_ajax('')
#1 /var/www/html/woofy/wp-includes/class-wp-hook.php(310): WP_Hook->apply_filters('', Array)
#2 /var/www/html/woofy/wp-includes/plugin.php(465): WP_Hook->do_action(Array)
#3 /var/www/html/woofy/wp-admin/admin-ajax.php(173): do_action('wp_ajax_km_post...')
#4 {main}
  thrown in /var/www/html/woofy/wp-content/plugins/km-services/class.kmlist.php on line 114

2019-07-20T05:52:24+00:00 CRITICAL Uncaught Error: Call to undefined function import() in /var/www/html/woofy/wp-content/plugins/km-services/class.kmlist.php:114
Stack trace:
#0 /var/www/html/woofy/wp-includes/class-wp-hook.php(286): kmlist->km_post_search_ajax('')
#1 /var/www/html/woofy/wp-includes/class-wp-hook.php(310): WP_Hook->apply_filters('', Array)
#2 /var/www/html/woofy/wp-includes/plugin.php(465): WP_Hook->do_action(Array)
#3 /var/www/html/woofy/wp-admin/admin-ajax.php(173): do_action('wp_ajax_km_post...')
#4 {main}
  thrown in /var/www/html/woofy/wp-content/plugins/km-services/class.kmlist.php on line 114

2019-07-20T05:55:34+00:00 CRITICAL Uncaught Error: Call to undefined function import() in /var/www/html/woofy/wp-content/plugins/km-services/class.kmlist.php:114
Stack trace:
#0 /var/www/html/woofy/wp-includes/class-wp-hook.php(286): kmlist->km_post_search_ajax('')
#1 /var/www/html/woofy/wp-includes/class-wp-hook.php(310): WP_Hook->apply_filters('', Array)
#2 /var/www/html/woofy/wp-includes/plugin.php(465): WP_Hook->do_action(Array)
#3 /var/www/html/woofy/wp-admin/admin-ajax.php(173): do_action('wp_ajax_km_post...')
#4 {main}
  thrown in /var/www/html/woofy/wp-content/plugins/km-services/class.kmlist.php on line 114

2019-07-20T05:55:48+00:00 CRITICAL Uncaught Error: Call to undefined function import() in /var/www/html/woofy/wp-content/plugins/km-services/class.kmlist.php:114
Stack trace:
#0 /var/www/html/woofy/wp-includes/class-wp-hook.php(286): kmlist->km_post_search_ajax('')
#1 /var/www/html/woofy/wp-includes/class-wp-hook.php(310): WP_Hook->apply_filters('', Array)
#2 /var/www/html/woofy/wp-includes/plugin.php(465): WP_Hook->do_action(Array)
#3 /var/www/html/woofy/wp-admin/admin-ajax.php(173): do_action('wp_ajax_km_post...')
#4 {main}
  thrown in /var/www/html/woofy/wp-content/plugins/km-services/class.kmlist.php on line 114

2019-07-20T05:55:50+00:00 CRITICAL Uncaught Error: Call to undefined function import() in /var/www/html/woofy/wp-content/plugins/km-services/class.kmlist.php:114
Stack trace:
#0 /var/www/html/woofy/wp-includes/class-wp-hook.php(286): kmlist->km_post_search_ajax('')
#1 /var/www/html/woofy/wp-includes/class-wp-hook.php(310): WP_Hook->apply_filters('', Array)
#2 /var/www/html/woofy/wp-includes/plugin.php(465): WP_Hook->do_action(Array)
#3 /var/www/html/woofy/wp-admin/admin-ajax.php(173): do_action('wp_ajax_km_post...')
#4 {main}
  thrown in /var/www/html/woofy/wp-content/plugins/km-services/class.kmlist.php on line 114

2019-07-20T05:57:24+00:00 CRITICAL Uncaught Error: Call to undefined function import() in /var/www/html/woofy/wp-content/plugins/km-services/class.kmlist.php:114
Stack trace:
#0 /var/www/html/woofy/wp-includes/class-wp-hook.php(286): kmlist->km_post_search_ajax('')
#1 /var/www/html/woofy/wp-includes/class-wp-hook.php(310): WP_Hook->apply_filters('', Array)
#2 /var/www/html/woofy/wp-includes/plugin.php(465): WP_Hook->do_action(Array)
#3 /var/www/html/woofy/wp-admin/admin-ajax.php(173): do_action('wp_ajax_km_post...')
#4 {main}
  thrown in /var/www/html/woofy/wp-content/plugins/km-services/class.kmlist.php on line 114

2019-07-20T05:58:58+00:00 CRITICAL Uncaught Error: Call to undefined function import() in /var/www/html/woofy/wp-content/plugins/km-services/class.kmlist.php:114
Stack trace:
#0 /var/www/html/woofy/wp-includes/class-wp-hook.php(286): kmlist->km_post_search_ajax('')
#1 /var/www/html/woofy/wp-includes/class-wp-hook.php(310): WP_Hook->apply_filters('', Array)
#2 /var/www/html/woofy/wp-includes/plugin.php(465): WP_Hook->do_action(Array)
#3 /var/www/html/woofy/wp-admin/admin-ajax.php(173): do_action('wp_ajax_km_post...')
#4 {main}
  thrown in /var/www/html/woofy/wp-content/plugins/km-services/class.kmlist.php on line 114

2019-07-20T06:00:43+00:00 CRITICAL Uncaught Error: Call to undefined function import() in /var/www/html/woofy/wp-content/plugins/km-services/class.kmlist.php:114
Stack trace:
#0 /var/www/html/woofy/wp-includes/class-wp-hook.php(286): kmlist->km_post_search_ajax('')
#1 /var/www/html/woofy/wp-includes/class-wp-hook.php(310): WP_Hook->apply_filters('', Array)
#2 /var/www/html/woofy/wp-includes/plugin.php(465): WP_Hook->do_action(Array)
#3 /var/www/html/woofy/wp-admin/admin-ajax.php(173): do_action('wp_ajax_km_post...')
#4 {main}
  thrown in /var/www/html/woofy/wp-content/plugins/km-services/class.kmlist.php on line 114

2019-07-20T06:01:10+00:00 CRITICAL Uncaught Error: Call to undefined function import() in /var/www/html/woofy/wp-content/plugins/km-services/class.kmlist.php:114
Stack trace:
#0 /var/www/html/woofy/wp-includes/class-wp-hook.php(286): kmlist->km_post_search_ajax('')
#1 /var/www/html/woofy/wp-includes/class-wp-hook.php(310): WP_Hook->apply_filters('', Array)
#2 /var/www/html/woofy/wp-includes/plugin.php(465): WP_Hook->do_action(Array)
#3 /var/www/html/woofy/wp-admin/admin-ajax.php(173): do_action('wp_ajax_km_post...')
#4 {main}
  thrown in /var/www/html/woofy/wp-content/plugins/km-services/class.kmlist.php on line 114

2019-07-20T06:01:36+00:00 CRITICAL Uncaught Error: Call to undefined function import() in /var/www/html/woofy/wp-content/plugins/km-services/class.kmlist.php:114
Stack trace:
#0 /var/www/html/woofy/wp-includes/class-wp-hook.php(286): kmlist->km_post_search_ajax('')
#1 /var/www/html/woofy/wp-includes/class-wp-hook.php(310): WP_Hook->apply_filters('', Array)
#2 /var/www/html/woofy/wp-includes/plugin.php(465): WP_Hook->do_action(Array)
#3 /var/www/html/woofy/wp-admin/admin-ajax.php(173): do_action('wp_ajax_km_post...')
#4 {main}
  thrown in /var/www/html/woofy/wp-content/plugins/km-services/class.kmlist.php on line 114

2019-07-20T06:04:02+00:00 CRITICAL Uncaught Error: Call to undefined function import() in /var/www/html/woofy/wp-content/plugins/km-services/class.kmlist.php:114
Stack trace:
#0 /var/www/html/woofy/wp-includes/class-wp-hook.php(286): kmlist->km_post_search_ajax('')
#1 /var/www/html/woofy/wp-includes/class-wp-hook.php(310): WP_Hook->apply_filters('', Array)
#2 /var/www/html/woofy/wp-includes/plugin.php(465): WP_Hook->do_action(Array)
#3 /var/www/html/woofy/wp-admin/admin-ajax.php(173): do_action('wp_ajax_km_post...')
#4 {main}
  thrown in /var/www/html/woofy/wp-content/plugins/km-services/class.kmlist.php on line 114

2019-07-20T06:04:22+00:00 CRITICAL Uncaught Error: Call to undefined function import() in /var/www/html/woofy/wp-content/plugins/km-services/class.kmlist.php:114
Stack trace:
#0 /var/www/html/woofy/wp-includes/class-wp-hook.php(286): kmlist->km_post_search_ajax('')
#1 /var/www/html/woofy/wp-includes/class-wp-hook.php(310): WP_Hook->apply_filters('', Array)
#2 /var/www/html/woofy/wp-includes/plugin.php(465): WP_Hook->do_action(Array)
#3 /var/www/html/woofy/wp-admin/admin-ajax.php(173): do_action('wp_ajax_km_post...')
#4 {main}
  thrown in /var/www/html/woofy/wp-content/plugins/km-services/class.kmlist.php on line 114

2019-07-20T07:09:29+00:00 CRITICAL Object of class stdClass could not be converted to string in /var/www/html/woofy/wp-content/plugins/km-services/class.kmlist.php on line 143

2019-07-20T07:10:00+00:00 CRITICAL Object of class stdClass could not be converted to string in /var/www/html/woofy/wp-content/plugins/km-services/class.kmlist.php on line 143

2019-07-20T07:10:26+00:00 CRITICAL Object of class stdClass could not be converted to string in /var/www/html/woofy/wp-content/plugins/km-services/class.kmlist.php on line 116

2019-07-20T07:19:50+00:00 CRITICAL Object of class stdClass could not be converted to string in /var/www/html/woofy/wp-content/plugins/km-services/class.kmlist.php on line 119

2019-07-20T10:51:49+00:00 CRITICAL syntax error, unexpected '?>' in /var/www/html/woofy/wp-content/plugins/km-services/templates/display_user_profile_form.php on line 128

2019-07-20T12:14:53+00:00 CRITICAL Uncaught Error: Call to undefined function get_upload_iframe_src() in /var/www/html/woofy/wp-content/plugins/km-services/templates/display_user_profile_form.php:57
Stack trace:
#0 /var/www/html/woofy/wp-content/plugins/km-services/class.kmlist.php(58): include()
#1 /var/www/html/woofy/wp-includes/shortcodes.php(325): kmlist->km_user_profile('', '', 'user_profile')
#2 [internal function]: do_shortcode_tag(Array)
#3 /var/www/html/woofy/wp-includes/shortcodes.php(199): preg_replace_callback('/\\[(\\[?)(user_p...', 'do_shortcode_ta...', '[user_profile]\n')
#4 /var/www/html/woofy/wp-content/plugins/js_composer/include/helpers/helpers.php(275): do_shortcode('[user_profile]\n')
#5 /var/www/html/woofy/wp-content/plugins/js_composer/include/templates/shortcodes/vc_column_text.php(31): wpb_js_remove_wpautop('<p>[user_profil...', true)
#6 /var/www/html/woofy/wp-content/plugins/js_composer/include/classes/shortcodes/shortcodes.php(473): include('/var/www/html/w...')
#7 /var/www/html/woofy/wp-content/plugins/js_composer/i in /var/www/html/woofy/wp-content/plugins/km-services/templates/display_user_profile_form.php on line 57

