2019-07-16T11:25:20+00:00 INFO Generating payment form for order 147. Notify URL: http://localhost/woofy/wc-api/WC_Gateway_Paypal/
2019-07-16T11:25:20+00:00 INFO PayPal Request Args for order 147: Array
(
    [cmd] => _cart
    [business] => kinextest3@yopmail.com
    [no_note] => 1
    [currency_code] => CAD
    [charset] => utf-8
    [rm] => 1
    [upload] => 1
    [return] => http://localhost/woofy/checkout/order-received/147/?key=wc_order_5d2db41b5ce91&utm_nooverride=1
    [cancel_return] => http://localhost/woofy/cart/?cancel_order=true&order=wc_order_5d2db41b5ce91&order_id=147&redirect&_wpnonce=58ee973306
    [page_style] => 
    [image_url] => 
    [paymentaction] => sale
    [bn] => WooThemes_Cart
    [invoice] => WC-147
    [custom] => {"order_id":147,"order_key":"wc_order_5d2db41b5ce91"}
    [notify_url] => http://localhost/woofy/wc-api/WC_Gateway_Paypal/
    [first_name] => ***
    [last_name] => ***
    [address1] => ***
    [address2] => ***
    [city] => ***
    [state] => ***
    [zip] => ***
    [country] => ***
    [email] => ***@***
    [night_phone_a] => ***
    [night_phone_b] => ***
    [night_phone_c] => ***
    [no_shipping] => 1
    [tax_cart] => 0.00
    [item_name_1] => Basic
    [quantity_1] => 1
    [amount_1] => 8
    [item_number_1] => 
)

